2016/09/06 20:29:05 [models.go:108] miss
2016/09/06 20:29:05 [I] [models.go:237] this yellow cat is 3 years old
2016/09/06 20:29:05 [login.go:24] <========================================================>
2016/09/06 20:29:05 [login.go:25] <=============== User Controller ========================>
2016/09/06 20:29:05 [login.go:26] <========================================================>
2016/09/06 20:29:05 [user.go:27] <========================================================>
2016/09/06 20:29:05 [user.go:28] <=============== User Controller ========================>
2016/09/06 20:29:05 [user.go:29] <========================================================>
2016/09/06 20:29:05 [I] [asm_amd64.s:2086] http server Running on http://:8060
2016/09/07 10:06:38 [models.go:108] miss
2016/09/07 10:06:38 [I] [models.go:237] this yellow cat is 3 years old
2016/09/07 10:06:38 [login.go:24] <========================================================>
2016/09/07 10:06:38 [login.go:25] <=============== User Controller ========================>
2016/09/07 10:06:38 [login.go:26] <========================================================>
2016/09/07 10:06:38 [user.go:27] <========================================================>
2016/09/07 10:06:38 [user.go:28] <=============== User Controller ========================>
2016/09/07 10:06:38 [user.go:29] <========================================================>
2016/09/07 10:06:39 [I] [asm_amd64.s:2086] http server Running on http://:8060
2016/09/07 10:06:44 [models.go:108] miss
2016/09/07 10:06:44 [I] [models.go:237] this yellow cat is 3 years old
2016/09/07 10:06:44 [login.go:24] <========================================================>
2016/09/07 10:06:44 [login.go:25] <=============== User Controller ========================>
2016/09/07 10:06:44 [login.go:26] <========================================================>
2016/09/07 10:06:44 [user.go:27] <========================================================>
2016/09/07 10:06:44 [user.go:28] <=============== User Controller ========================>
2016/09/07 10:06:44 [user.go:29] <========================================================>
2016/09/07 10:06:44 [I] [asm_amd64.s:2086] http server Running on http://:8060
2016/09/07 10:06:46 [models.go:108] miss
2016/09/07 10:06:46 [I] [models.go:237] this yellow cat is 3 years old
2016/09/07 10:06:46 [login.go:24] <========================================================>
2016/09/07 10:06:46 [login.go:25] <=============== User Controller ========================>
2016/09/07 10:06:46 [login.go:26] <========================================================>
2016/09/07 10:06:46 [user.go:27] <========================================================>
2016/09/07 10:06:46 [user.go:28] <=============== User Controller ========================>
2016/09/07 10:06:46 [user.go:29] <========================================================>
2016/09/07 10:06:47 [I] [asm_amd64.s:2086] http server Running on http://:8060
2016/09/07 10:06:49 [models.go:108] miss
2016/09/07 10:06:49 [I] [models.go:237] this yellow cat is 3 years old
2016/09/07 10:06:49 [login.go:24] <========================================================>
2016/09/07 10:06:49 [login.go:25] <=============== User Controller ========================>
2016/09/07 10:06:49 [login.go:26] <========================================================>
2016/09/07 10:06:49 [user.go:27] <========================================================>
2016/09/07 10:06:49 [user.go:28] <=============== User Controller ========================>
2016/09/07 10:06:49 [user.go:29] <========================================================>
2016/09/07 10:06:49 [I] [asm_amd64.s:2086] http server Running on http://:8060
2016/09/07 10:07:19 [models.go:108] miss
2016/09/07 10:07:19 [I] [models.go:237] this yellow cat is 3 years old
2016/09/07 10:07:19 [login.go:24] <========================================================>
2016/09/07 10:07:19 [login.go:25] <=============== User Controller ========================>
2016/09/07 10:07:19 [login.go:26] <========================================================>
2016/09/07 10:07:19 [user.go:27] <========================================================>
2016/09/07 10:07:19 [user.go:28] <=============== User Controller ========================>
2016/09/07 10:07:19 [user.go:29] <========================================================>
2016/09/07 10:07:19 [I] [asm_amd64.s:2086] http server Running on http://:8060
2016/09/07 10:13:42 [models.go:108] miss
2016/09/07 10:13:42 [I] [models.go:237] this yellow cat is 3 years old
2016/09/07 10:13:42 [login.go:24] <========================================================>
2016/09/07 10:13:42 [login.go:25] <=============== User Controller ========================>
2016/09/07 10:13:42 [login.go:26] <========================================================>
2016/09/07 10:13:42 [user.go:27] <========================================================>
2016/09/07 10:13:42 [user.go:28] <=============== User Controller ========================>
2016/09/07 10:13:42 [user.go:29] <========================================================>
2016/09/07 10:13:42 [I] [asm_amd64.s:2086] http server Running on http://:8060
2016/09/07 10:13:59 [models.go:108] miss
2016/09/07 10:13:59 [I] [models.go:237] this yellow cat is 3 years old
2016/09/07 10:13:59 [login.go:24] <========================================================>
2016/09/07 10:13:59 [login.go:25] <=============== User Controller ========================>
2016/09/07 10:13:59 [login.go:26] <========================================================>
2016/09/07 10:13:59 [user.go:27] <========================================================>
2016/09/07 10:13:59 [user.go:28] <=============== User Controller ========================>
2016/09/07 10:13:59 [user.go:29] <========================================================>
2016/09/07 10:13:59 [I] [asm_amd64.s:2086] http server Running on http://:8060
2016/09/07 10:14:07 [models.go:108] miss
2016/09/07 10:14:07 [I] [models.go:237] this yellow cat is 3 years old
2016/09/07 10:14:07 [login.go:24] <========================================================>
2016/09/07 10:14:07 [login.go:25] <=============== User Controller ========================>
2016/09/07 10:14:07 [login.go:26] <========================================================>
2016/09/07 10:14:07 [user.go:27] <========================================================>
2016/09/07 10:14:07 [user.go:28] <=============== User Controller ========================>
2016/09/07 10:14:07 [user.go:29] <========================================================>
2016/09/07 10:14:07 [I] [asm_amd64.s:2086] http server Running on http://:8060
2016/09/07 10:14:21 [models.go:108] miss
2016/09/07 10:14:21 [I] [models.go:237] this yellow cat is 3 years old
2016/09/07 10:14:21 [login.go:24] <========================================================>
2016/09/07 10:14:21 [login.go:25] <=============== User Controller ========================>
2016/09/07 10:14:21 [login.go:26] <========================================================>
2016/09/07 10:14:21 [user.go:27] <========================================================>
2016/09/07 10:14:21 [user.go:28] <=============== User Controller ========================>
2016/09/07 10:14:21 [user.go:29] <========================================================>
2016/09/07 10:14:21 [I] [asm_amd64.s:2086] http server Running on http://:8060
2016/09/07 10:14:27 [models.go:108] miss
2016/09/07 10:14:27 [I] [models.go:237] this yellow cat is 3 years old
2016/09/07 10:14:27 [login.go:24] <========================================================>
2016/09/07 10:14:27 [login.go:25] <=============== User Controller ========================>
2016/09/07 10:14:27 [login.go:26] <========================================================>
2016/09/07 10:14:27 [user.go:27] <========================================================>
2016/09/07 10:14:27 [user.go:28] <=============== User Controller ========================>
2016/09/07 10:14:27 [user.go:29] <========================================================>
2016/09/07 10:14:27 [I] [asm_amd64.s:2086] http server Running on http://:8060
2016/09/07 10:14:33 [models.go:108] miss
2016/09/07 10:14:33 [I] [models.go:237] this yellow cat is 3 years old
2016/09/07 10:14:33 [login.go:24] <========================================================>
2016/09/07 10:14:33 [login.go:25] <=============== User Controller ========================>
2016/09/07 10:14:33 [login.go:26] <========================================================>
2016/09/07 10:14:33 [user.go:27] <========================================================>
2016/09/07 10:14:33 [user.go:28] <=============== User Controller ========================>
2016/09/07 10:14:33 [user.go:29] <========================================================>
2016/09/07 10:14:33 [I] [asm_amd64.s:2086] http server Running on http://:8060
2016/09/07 11:07:29 [models.go:108] miss
2016/09/07 11:07:29 [I] [models.go:237] this yellow cat is 3 years old
2016/09/07 11:07:29 [login.go:24] <========================================================>
2016/09/07 11:07:29 [login.go:25] <=============== User Controller ========================>
2016/09/07 11:07:29 [login.go:26] <========================================================>
2016/09/07 11:07:29 [user.go:27] <========================================================>
2016/09/07 11:07:29 [user.go:28] <=============== User Controller ========================>
2016/09/07 11:07:29 [user.go:29] <========================================================>
2016/09/07 11:07:29 [I] [asm_amd64.s:2086] http server Running on http://:8060
2016/09/07 11:16:04 [models.go:108] miss
2016/09/07 11:16:04 [I] [models.go:237] this yellow cat is 3 years old
2016/09/07 11:16:04 [login.go:24] <========================================================>
2016/09/07 11:16:04 [login.go:25] <=============== User Controller ========================>
2016/09/07 11:16:04 [login.go:26] <========================================================>
2016/09/07 11:16:04 [user.go:27] <========================================================>
2016/09/07 11:16:04 [user.go:28] <=============== User Controller ========================>
2016/09/07 11:16:04 [user.go:29] <========================================================>
2016/09/07 11:16:05 [I] [asm_amd64.s:2086] http server Running on http://:8060
2016/09/07 11:17:22 [models.go:108] miss
2016/09/07 11:17:22 [I] [models.go:237] this yellow cat is 3 years old
2016/09/07 11:17:22 [login.go:24] <========================================================>
2016/09/07 11:17:22 [login.go:25] <=============== User Controller ========================>
2016/09/07 11:17:22 [login.go:26] <========================================================>
2016/09/07 11:17:22 [user.go:27] <========================================================>
2016/09/07 11:17:22 [user.go:28] <=============== User Controller ========================>
2016/09/07 11:17:22 [user.go:29] <========================================================>
2016/09/07 11:17:22 [I] [asm_amd64.s:2086] http server Running on http://:8060
2016/09/07 11:18:44 [models.go:108] miss
2016/09/07 11:18:44 [I] [models.go:237] this yellow cat is 3 years old
2016/09/07 11:18:44 [login.go:24] <========================================================>
2016/09/07 11:18:44 [login.go:25] <=============== User Controller ========================>
2016/09/07 11:18:44 [login.go:26] <========================================================>
2016/09/07 11:18:44 [user.go:27] <========================================================>
2016/09/07 11:18:44 [user.go:28] <=============== User Controller ========================>
2016/09/07 11:18:44 [user.go:29] <========================================================>
2016/09/07 11:18:45 [I] [asm_amd64.s:2086] http server Running on http://:8060
2016/09/07 11:18:51 [models.go:108] miss
2016/09/07 11:18:51 [I] [models.go:237] this yellow cat is 3 years old
2016/09/07 11:18:51 [login.go:24] <========================================================>
2016/09/07 11:18:51 [login.go:25] <=============== User Controller ========================>
2016/09/07 11:18:51 [login.go:26] <========================================================>
2016/09/07 11:18:51 [user.go:27] <========================================================>
2016/09/07 11:18:51 [user.go:28] <=============== User Controller ========================>
2016/09/07 11:18:51 [user.go:29] <========================================================>
2016/09/07 11:18:51 [I] [asm_amd64.s:2086] http server Running on http://:8060
2016/09/07 11:19:02 [models.go:108] miss
2016/09/07 11:19:02 [I] [models.go:237] this yellow cat is 3 years old
2016/09/07 11:19:02 [login.go:24] <========================================================>
2016/09/07 11:19:02 [login.go:25] <=============== User Controller ========================>
2016/09/07 11:19:02 [login.go:26] <========================================================>
2016/09/07 11:19:02 [user.go:27] <========================================================>
2016/09/07 11:19:02 [user.go:28] <=============== User Controller ========================>
2016/09/07 11:19:02 [user.go:29] <========================================================>
2016/09/07 11:19:03 [I] [asm_amd64.s:2086] http server Running on http://:8060
2016/09/07 11:19:06 [models.go:108] miss
2016/09/07 11:19:06 [I] [models.go:237] this yellow cat is 3 years old
2016/09/07 11:19:06 [login.go:24] <========================================================>
2016/09/07 11:19:06 [login.go:25] <=============== User Controller ========================>
2016/09/07 11:19:06 [login.go:26] <========================================================>
2016/09/07 11:19:06 [user.go:27] <========================================================>
2016/09/07 11:19:06 [user.go:28] <=============== User Controller ========================>
2016/09/07 11:19:06 [user.go:29] <========================================================>
2016/09/07 11:19:06 [I] [asm_amd64.s:2086] http server Running on http://:8060
2016/09/07 11:22:08 [models.go:108] miss
2016/09/07 11:22:08 [I] [models.go:237] this yellow cat is 3 years old
2016/09/07 11:22:08 [login.go:24] <========================================================>
2016/09/07 11:22:08 [login.go:25] <=============== User Controller ========================>
2016/09/07 11:22:08 [login.go:26] <========================================================>
2016/09/07 11:22:08 [user.go:27] <========================================================>
2016/09/07 11:22:08 [user.go:28] <=============== User Controller ========================>
2016/09/07 11:22:08 [user.go:29] <========================================================>
2016/09/07 11:22:08 [I] [asm_amd64.s:2086] http server Running on http://:8060
2016/09/07 11:22:37 [models.go:108] miss
2016/09/07 11:22:37 [I] [models.go:237] this yellow cat is 3 years old
2016/09/07 11:22:37 [login.go:24] <========================================================>
2016/09/07 11:22:37 [login.go:25] <=============== User Controller ========================>
2016/09/07 11:22:37 [login.go:26] <========================================================>
2016/09/07 11:22:37 [user.go:27] <========================================================>
2016/09/07 11:22:37 [user.go:28] <=============== User Controller ========================>
2016/09/07 11:22:37 [user.go:29] <========================================================>
2016/09/07 11:22:37 [I] [asm_amd64.s:2086] http server Running on http://:8060
2016/09/07 11:22:57 [models.go:108] miss
2016/09/07 11:22:57 [I] [models.go:237] this yellow cat is 3 years old
2016/09/07 11:22:57 [login.go:24] <========================================================>
2016/09/07 11:22:57 [login.go:25] <=============== User Controller ========================>
2016/09/07 11:22:57 [login.go:26] <========================================================>
2016/09/07 11:22:57 [user.go:27] <========================================================>
2016/09/07 11:22:57 [user.go:28] <=============== User Controller ========================>
2016/09/07 11:22:57 [user.go:29] <========================================================>
2016/09/07 11:22:58 [I] [asm_amd64.s:2086] http server Running on http://:8060
2016/09/07 11:23:11 [models.go:108] miss
2016/09/07 11:23:11 [I] [models.go:237] this yellow cat is 3 years old
2016/09/07 11:23:11 [login.go:24] <========================================================>
2016/09/07 11:23:11 [login.go:25] <=============== User Controller ========================>
2016/09/07 11:23:11 [login.go:26] <========================================================>
2016/09/07 11:23:11 [user.go:27] <========================================================>
2016/09/07 11:23:11 [user.go:28] <=============== User Controller ========================>
2016/09/07 11:23:11 [user.go:29] <========================================================>
2016/09/07 11:23:11 [I] [asm_amd64.s:2086] http server Running on http://:8060
2016/09/07 11:23:36 [models.go:108] miss
2016/09/07 11:23:36 [I] [models.go:237] this yellow cat is 3 years old
2016/09/07 11:23:36 [login.go:24] <========================================================>
2016/09/07 11:23:36 [login.go:25] <=============== User Controller ========================>
2016/09/07 11:23:36 [login.go:26] <========================================================>
2016/09/07 11:23:36 [user.go:27] <========================================================>
2016/09/07 11:23:36 [user.go:28] <=============== User Controller ========================>
2016/09/07 11:23:36 [user.go:29] <========================================================>
2016/09/07 11:23:36 [I] [asm_amd64.s:2086] http server Running on http://:8060
2016/09/07 11:23:52 [models.go:108] miss
2016/09/07 11:23:52 [I] [models.go:237] this yellow cat is 3 years old
2016/09/07 11:23:52 [login.go:24] <========================================================>
2016/09/07 11:23:52 [login.go:25] <=============== User Controller ========================>
2016/09/07 11:23:52 [login.go:26] <========================================================>
2016/09/07 11:23:52 [user.go:27] <========================================================>
2016/09/07 11:23:52 [user.go:28] <=============== User Controller ========================>
2016/09/07 11:23:52 [user.go:29] <========================================================>
2016/09/07 11:23:52 [I] [asm_amd64.s:2086] http server Running on http://:8060
2016/09/07 14:11:14 [models.go:108] miss
2016/09/07 14:11:14 [I] [models.go:237] this yellow cat is 3 years old
2016/09/07 14:11:14 [login.go:24] <========================================================>
2016/09/07 14:11:14 [login.go:25] <=============== User Controller ========================>
2016/09/07 14:11:14 [login.go:26] <========================================================>
2016/09/07 14:11:14 [user.go:27] <========================================================>
2016/09/07 14:11:14 [user.go:28] <=============== User Controller ========================>
2016/09/07 14:11:14 [user.go:29] <========================================================>
2016/09/07 14:11:15 [I] [asm_amd64.s:2086] http server Running on http://:8060
2016/09/07 14:16:36 [models.go:108] miss
2016/09/07 14:16:36 [I] [models.go:237] this yellow cat is 3 years old
2016/09/07 14:16:36 [login.go:24] <========================================================>
2016/09/07 14:16:36 [login.go:25] <=============== User Controller ========================>
2016/09/07 14:16:36 [login.go:26] <========================================================>
2016/09/07 14:16:36 [user.go:27] <========================================================>
2016/09/07 14:16:36 [user.go:28] <=============== User Controller ========================>
2016/09/07 14:16:36 [user.go:29] <========================================================>
2016/09/07 14:16:37 [I] [asm_amd64.s:2086] http server Running on http://:8060
2016/09/07 14:16:54 [models.go:108] miss
2016/09/07 14:16:54 [I] [models.go:237] this yellow cat is 3 years old
2016/09/07 14:16:54 [login.go:24] <========================================================>
2016/09/07 14:16:54 [login.go:25] <=============== User Controller ========================>
2016/09/07 14:16:54 [login.go:26] <========================================================>
2016/09/07 14:16:54 [user.go:27] <========================================================>
2016/09/07 14:16:54 [user.go:28] <=============== User Controller ========================>
2016/09/07 14:16:54 [user.go:29] <========================================================>
2016/09/07 14:16:54 [I] [asm_amd64.s:2086] http server Running on http://:8060
2016/09/07 14:33:42 [models.go:108] miss
2016/09/07 14:33:42 [I] [models.go:237] this yellow cat is 3 years old
2016/09/07 14:33:42 [login.go:24] <========================================================>
2016/09/07 14:33:42 [login.go:25] <=============== User Controller ========================>
2016/09/07 14:33:42 [login.go:26] <========================================================>
2016/09/07 14:33:42 [user.go:27] <========================================================>
2016/09/07 14:33:42 [user.go:28] <=============== User Controller ========================>
2016/09/07 14:33:42 [user.go:29] <========================================================>
2016/09/07 14:33:43 [I] [asm_amd64.s:2086] http server Running on http://:8060
2016/09/07 14:34:12 [models.go:108] miss
2016/09/07 14:34:12 [I] [models.go:237] this yellow cat is 3 years old
2016/09/07 14:34:12 [login.go:24] <========================================================>
2016/09/07 14:34:12 [login.go:25] <=============== User Controller ========================>
2016/09/07 14:34:12 [login.go:26] <========================================================>
2016/09/07 14:34:12 [user.go:27] <========================================================>
2016/09/07 14:34:12 [user.go:28] <=============== User Controller ========================>
2016/09/07 14:34:12 [user.go:29] <========================================================>
2016/09/07 14:34:12 [I] [asm_amd64.s:2086] http server Running on http://:8060
2016/09/07 14:34:22 [models.go:108] miss
2016/09/07 14:34:22 [I] [models.go:237] this yellow cat is 3 years old
2016/09/07 14:34:22 [login.go:24] <========================================================>
2016/09/07 14:34:22 [login.go:25] <=============== User Controller ========================>
2016/09/07 14:34:22 [login.go:26] <========================================================>
2016/09/07 14:34:22 [user.go:27] <========================================================>
2016/09/07 14:34:22 [user.go:28] <=============== User Controller ========================>
2016/09/07 14:34:22 [user.go:29] <========================================================>
2016/09/07 14:34:22 [I] [asm_amd64.s:2086] http server Running on http://:8060
2016/09/07 14:34:51 [models.go:108] miss
2016/09/07 14:34:51 [I] [models.go:237] this yellow cat is 3 years old
2016/09/07 14:34:51 [login.go:24] <========================================================>
2016/09/07 14:34:51 [login.go:25] <=============== User Controller ========================>
2016/09/07 14:34:51 [login.go:26] <========================================================>
2016/09/07 14:34:51 [user.go:27] <========================================================>
2016/09/07 14:34:51 [user.go:28] <=============== User Controller ========================>
2016/09/07 14:34:51 [user.go:29] <========================================================>
2016/09/07 14:34:51 [I] [asm_amd64.s:2086] http server Running on http://:8060
2016/09/07 14:35:04 [models.go:108] miss
2016/09/07 14:35:04 [I] [models.go:237] this yellow cat is 3 years old
2016/09/07 14:35:04 [login.go:24] <========================================================>
2016/09/07 14:35:04 [login.go:25] <=============== User Controller ========================>
2016/09/07 14:35:04 [login.go:26] <========================================================>
2016/09/07 14:35:04 [user.go:27] <========================================================>
2016/09/07 14:35:04 [user.go:28] <=============== User Controller ========================>
2016/09/07 14:35:04 [user.go:29] <========================================================>
2016/09/07 14:35:04 [I] [asm_amd64.s:2086] http server Running on http://:8060
2016/09/07 14:35:12 [models.go:108] miss
2016/09/07 14:35:12 [I] [models.go:237] this yellow cat is 3 years old
2016/09/07 14:35:12 [login.go:24] <========================================================>
2016/09/07 14:35:12 [login.go:25] <=============== User Controller ========================>
2016/09/07 14:35:12 [login.go:26] <========================================================>
2016/09/07 14:35:12 [user.go:27] <========================================================>
2016/09/07 14:35:12 [user.go:28] <=============== User Controller ========================>
2016/09/07 14:35:12 [user.go:29] <========================================================>
2016/09/07 14:35:12 [I] [asm_amd64.s:2086] http server Running on http://:8060
2016/09/07 14:36:16 [models.go:108] miss
2016/09/07 14:36:16 [I] [models.go:237] this yellow cat is 3 years old
2016/09/07 14:36:16 [login.go:24] <========================================================>
2016/09/07 14:36:16 [login.go:25] <=============== User Controller ========================>
2016/09/07 14:36:16 [login.go:26] <========================================================>
2016/09/07 14:36:16 [user.go:27] <========================================================>
2016/09/07 14:36:16 [user.go:28] <=============== User Controller ========================>
2016/09/07 14:36:16 [user.go:29] <========================================================>
2016/09/07 14:36:16 [I] [asm_amd64.s:2086] http server Running on http://:8060
2016/09/07 14:36:21 [models.go:108] miss
2016/09/07 14:36:21 [I] [models.go:237] this yellow cat is 3 years old
2016/09/07 14:36:21 [login.go:24] <========================================================>
2016/09/07 14:36:21 [login.go:25] <=============== User Controller ========================>
2016/09/07 14:36:21 [login.go:26] <========================================================>
2016/09/07 14:36:21 [user.go:27] <========================================================>
2016/09/07 14:36:21 [user.go:28] <=============== User Controller ========================>
2016/09/07 14:36:21 [user.go:29] <========================================================>
2016/09/07 14:36:22 [I] [asm_amd64.s:2086] http server Running on http://:8060
2016/09/07 14:36:47 [models.go:108] miss
2016/09/07 14:36:47 [I] [models.go:237] this yellow cat is 3 years old
2016/09/07 14:36:47 [login.go:24] <========================================================>
2016/09/07 14:36:47 [login.go:25] <=============== User Controller ========================>
2016/09/07 14:36:47 [login.go:26] <========================================================>
2016/09/07 14:36:47 [user.go:27] <========================================================>
2016/09/07 14:36:47 [user.go:28] <=============== User Controller ========================>
2016/09/07 14:36:47 [user.go:29] <========================================================>
2016/09/07 14:36:47 [I] [asm_amd64.s:2086] http server Running on http://:8060
2016/09/07 14:56:12 [models.go:108] miss
2016/09/07 14:56:12 [I] [resultVo.go:38] this yellow cat is 3 years old
2016/09/07 14:56:12 [login.go:24] <========================================================>
2016/09/07 14:56:12 [login.go:25] <=============== User Controller ========================>
2016/09/07 14:56:12 [login.go:26] <========================================================>
2016/09/07 14:56:12 [user.go:27] <========================================================>
2016/09/07 14:56:12 [user.go:28] <=============== User Controller ========================>
2016/09/07 14:56:12 [user.go:29] <========================================================>
2016/09/07 14:56:12 [I] [asm_amd64.s:2086] http server Running on http://:8060
2016/09/07 15:01:12 [models.go:108] miss
2016/09/07 15:01:12 [I] [resultVo.go:53] this yellow cat is 3 years old
2016/09/07 15:01:12 [login.go:24] <========================================================>
2016/09/07 15:01:12 [login.go:25] <=============== User Controller ========================>
2016/09/07 15:01:12 [login.go:26] <========================================================>
2016/09/07 15:01:12 [user.go:27] <========================================================>
2016/09/07 15:01:12 [user.go:28] <=============== User Controller ========================>
2016/09/07 15:01:12 [user.go:29] <========================================================>
2016/09/07 15:01:12 [I] [asm_amd64.s:2086] http server Running on http://:8060
2016/09/07 15:03:25 [models.go:108] miss
2016/09/07 15:03:25 [I] [resultVo.go:59] this yellow cat is 3 years old
2016/09/07 15:03:25 [login.go:24] <========================================================>
2016/09/07 15:03:25 [login.go:25] <=============== User Controller ========================>
2016/09/07 15:03:25 [login.go:26] <========================================================>
2016/09/07 15:03:25 [user.go:27] <========================================================>
2016/09/07 15:03:25 [user.go:28] <=============== User Controller ========================>
2016/09/07 15:03:25 [user.go:29] <========================================================>
2016/09/07 15:03:25 [I] [asm_amd64.s:2086] http server Running on http://:8060
